This is pdfTeX, Version 3.14159265-2.6-1.40.20 (TeX Live 2019/Debian) (preloaded format=pdflatex 2022.6.9)  22 JUL 2022 18:42
entering extended mode
 restricted \write18 enabled.
 file:line:error style messages enabled.
 %&-line parsing enabled.
**/home/solal/Documents/Stage_lip6/Coop-robot/rapport/RapportStage.tex
(/home/solal/Documents/Stage_lip6/Coop-robot/rapport/RapportStage.tex
LaTeX2e <2020-02-02> patch level 2
L3 programming layer <2020-02-14> (/usr/share/texlive/texmf-dist/tex/latex/base/article.cls
Document Class: article 2019/12/20 v1.4l Standard LaTeX document class
(/usr/share/texlive/texmf-dist/tex/latex/base/size10.clo
File: size10.clo 2019/12/20 v1.4l Standard LaTeX file (size option)
)
\c@part=\count167
\c@section=\count168
\c@subsection=\count169
\c@subsubsection=\count170
\c@paragraph=\count171
\c@subparagraph=\count172
\c@figure=\count173
\c@table=\count174
\abovecaptionskip=\skip47
\belowcaptionskip=\skip48
\bibindent=\dimen134
) (/usr/share/texlive/texmf-dist/tex/latex/base/inputenc.sty
Package: inputenc 2018/08/11 v1.3c Input encoding file
\inpenc@prehook=\toks14
\inpenc@posthook=\toks15
) (/usr/share/texlive/texmf-dist/tex/latex/geometry/geometry.sty
Package: geometry 2020/01/02 v5.9 Page Geometry
 (/usr/share/texlive/texmf-dist/tex/latex/graphics/keyval.sty
Package: keyval 2014/10/28 v1.15 key=value parser (DPC)
\KV@toks@=\toks16
) (/usr/share/texlive/texmf-dist/tex/generic/iftex/ifvtex.sty
Package: ifvtex 2019/10/25 v1.7 ifvtex legacy package. Use iftex instead.
 (/usr/share/texlive/texmf-dist/tex/generic/iftex/iftex.sty
Package: iftex 2019/11/07 v1.0c TeX engine tests
))
\Gm@cnth=\count175
\Gm@cntv=\count176
\c@Gm@tempcnt=\count177
\Gm@bindingoffset=\dimen135
\Gm@wd@mp=\dimen136
\Gm@odd@mp=\dimen137
\Gm@even@mp=\dimen138
\Gm@layoutwidth=\dimen139
\Gm@layoutheight=\dimen140
\Gm@layouthoffset=\dimen141
\Gm@layoutvoffset=\dimen142
\Gm@dimlist=\toks17
) (/usr/share/texlive/texmf-dist/tex/latex/amsfonts/amssymb.sty
Package: amssymb 2013/01/14 v3.01 AMS font symbols
 (/usr/share/texlive/texmf-dist/tex/latex/amsfonts/amsfonts.sty
Package: amsfonts 2013/01/14 v3.01 Basic AMSFonts support
\@emptytoks=\toks18
\symAMSa=\mathgroup4
\symAMSb=\mathgroup5
LaTeX Font Info:    Redeclaring math symbol \hbar on input line 98.
LaTeX Font Info:    Overwriting math alphabet `\mathfrak' in version `bold'
(Font)                  U/euf/m/n --> U/euf/b/n on input line 106.
)) (/usr/share/texlive/texmf-dist/tex/latex/amsmath/amsmath.sty
Package: amsmath 2020/01/20 v2.17e AMS math features
\@mathmargin=\skip49

For additional information on amsmath, use the `?' option.
(/usr/share/texlive/texmf-dist/tex/latex/amsmath/amstext.sty
Package: amstext 2000/06/29 v2.01 AMS text
 (/usr/share/texlive/texmf-dist/tex/latex/amsmath/amsgen.sty
File: amsgen.sty 1999/11/30 v2.0 generic functions
\@emptytoks=\toks19
\ex@=\dimen143
)) (/usr/share/texlive/texmf-dist/tex/latex/amsmath/amsbsy.sty
Package: amsbsy 1999/11/29 v1.2d Bold Symbols
\pmbraise@=\dimen144
) (/usr/share/texlive/texmf-dist/tex/latex/amsmath/amsopn.sty
Package: amsopn 2016/03/08 v2.02 operator names
)
\inf@bad=\count178
LaTeX Info: Redefining \frac on input line 227.
\uproot@=\count179
\leftroot@=\count180
LaTeX Info: Redefining \overline on input line 389.
\classnum@=\count181
\DOTSCASE@=\count182
LaTeX Info: Redefining \ldots on input line 486.
LaTeX Info: Redefining \dots on input line 489.
LaTeX Info: Redefining \cdots on input line 610.
\Mathstrutbox@=\box45
\strutbox@=\box46
\big@size=\dimen145
LaTeX Font Info:    Redeclaring font encoding OML on input line 733.
LaTeX Font Info:    Redeclaring font encoding OMS on input line 734.
\macc@depth=\count183
\c@MaxMatrixCols=\count184
\dotsspace@=\muskip16
\c@parentequation=\count185
\dspbrk@lvl=\count186
\tag@help=\toks20
\row@=\count187
\column@=\count188
\maxfields@=\count189
\andhelp@=\toks21
\eqnshift@=\dimen146
\alignsep@=\dimen147
\tagshift@=\dimen148
\tagwidth@=\dimen149
\totwidth@=\dimen150
\lineht@=\dimen151
\@envbody=\toks22
\multlinegap=\skip50
\multlinetaggap=\skip51
\mathdisplay@stack=\toks23
LaTeX Info: Redefining \[ on input line 2859.
LaTeX Info: Redefining \] on input line 2860.
) (/usr/share/texlive/texmf-dist/tex/latex/listings/listings.sty
\lst@mode=\count190
\lst@gtempboxa=\box47
\lst@token=\toks24
\lst@length=\count191
\lst@currlwidth=\dimen152
\lst@column=\count192
\lst@pos=\count193
\lst@lostspace=\dimen153
\lst@width=\dimen154
\lst@newlines=\count194
\lst@lineno=\count195
\lst@maxwidth=\dimen155
 (/usr/share/texlive/texmf-dist/tex/latex/listings/lstmisc.sty
File: lstmisc.sty 2019/09/10 1.8c (Carsten Heinz)
\c@lstnumber=\count196
\lst@skipnumbers=\count197
\lst@framebox=\box48
) (/usr/share/texlive/texmf-dist/tex/latex/listings/listings.cfg
File: listings.cfg 2019/09/10 1.8c listings configuration
))
Package: listings 2019/09/10 1.8c (Carsten Heinz)
 (/usr/share/texlive/texmf-dist/tex/latex/tools/array.sty
Package: array 2019/08/31 v2.4l Tabular extension package (FMi)
\col@sep=\dimen156
\ar@mcellbox=\box49
\extrarowheight=\dimen157
\NC@list=\toks25
\extratabsurround=\skip52
\backup@length=\skip53
\ar@cellbox=\box50
) (/usr/share/texlive/texmf-dist/tex/latex/tools/calc.sty
Package: calc 2017/05/25 v4.3 Infix arithmetic (KKT,FJ)
\calc@Acount=\count198
\calc@Bcount=\count199
\calc@Adimen=\dimen158
\calc@Bdimen=\dimen159
\calc@Askip=\skip54
\calc@Bskip=\skip55
LaTeX Info: Redefining \setlength on input line 80.
LaTeX Info: Redefining \addtolength on input line 81.
\calc@Ccount=\count266
\calc@Cskip=\skip56
) (/usr/share/texlive/texmf-dist/tex/latex/graphics/graphicx.sty
Package: graphicx 2019/11/30 v1.2a Enhanced LaTeX Graphics (DPC,SPQR)
 (/usr/share/texlive/texmf-dist/tex/latex/graphics/graphics.sty
Package: graphics 2019/11/30 v1.4a Standard LaTeX Graphics (DPC,SPQR)
 (/usr/share/texlive/texmf-dist/tex/latex/graphics/trig.sty
Package: trig 2016/01/03 v1.10 sin cos tan (DPC)
) (/usr/share/texlive/texmf-dist/tex/latex/graphics-cfg/graphics.cfg
File: graphics.cfg 2016/06/04 v1.11 sample graphics configuration
)
Package graphics Info: Driver file: pdftex.def on input line 105.
 (/usr/share/texlive/texmf-dist/tex/latex/graphics-def/pdftex.def
File: pdftex.def 2018/01/08 v1.0l Graphics/color driver for pdftex
))
\Gin@req@height=\dimen160
\Gin@req@width=\dimen161
) (/usr/share/texlive/texmf-dist/tex/latex/subfig/subfig.sty
Package: subfig 2005/06/28 ver: 1.3 subfig package
 (/usr/share/texlive/texmf-dist/tex/latex/caption/caption.sty
Package: caption 2020/01/03 v3.4h Customizing captions (AR)
 (/usr/share/texlive/texmf-dist/tex/latex/caption/caption3.sty
Package: caption3 2020/01/03 v1.8h caption3 kernel (AR)
Package caption3 Info: TeX engine: e-TeX on input line 61.
\captionmargin=\dimen162
\captionmargin@=\dimen163
\captionwidth=\dimen164
\caption@tempdima=\dimen165
\caption@indent=\dimen166
\caption@parindent=\dimen167
\caption@hangindent=\dimen168
Package caption Info: Standard document class detected.
)
\c@caption@flags=\count267
\c@continuedfloat=\count268
Package caption Info: listings package is loaded.
)
\c@KVtest=\count269
\sf@farskip=\skip57
\sf@captopadj=\dimen169
\sf@capskip=\skip58
\sf@nearskip=\skip59
\c@subfigure=\count270
\c@subfigure@save=\count271
\c@lofdepth=\count272
\c@subtable=\count273
\c@subtable@save=\count274
\c@lotdepth=\count275
\sf@top=\skip60
\sf@bottom=\skip61
) (/usr/share/texlive/texmf-dist/tex/latex/pgf/frontendlayer/tikz.sty (/usr/share/texlive/texmf-dist/tex/latex/pgf/basiclayer/pgf.sty (/usr/share/texlive/texmf-dist/tex/latex/pgf/utilities/pgfrcs.sty (/usr/share/texlive/texmf-dist/tex/generic/pgf/utilities/pgfutil-common.tex
\pgfutil@everybye=\toks26
\pgfutil@tempdima=\dimen170
\pgfutil@tempdimb=\dimen171
 (/usr/share/texlive/texmf-dist/tex/generic/pgf/utilities/pgfutil-common-lists.tex)) (/usr/share/texlive/texmf-dist/tex/generic/pgf/utilities/pgfutil-latex.def
\pgfutil@abb=\box51
 (/usr/share/texlive/texmf-dist/tex/latex/ms/everyshi.sty
Package: everyshi 2001/05/15 v3.00 EveryShipout Package (MS)
)) (/usr/share/texlive/texmf-dist/tex/generic/pgf/utilities/pgfrcs.code.tex (/usr/share/texlive/texmf-dist/tex/generic/pgf/pgf.revision.tex)
Package: pgfrcs 2020/01/08 v3.1.5b (3.1.5b)
))
Package: pgf 2020/01/08 v3.1.5b (3.1.5b)
 (/usr/share/texlive/texmf-dist/tex/latex/pgf/basiclayer/pgfcore.sty (/usr/share/texlive/texmf-dist/tex/latex/pgf/systemlayer/pgfsys.sty (/usr/share/texlive/texmf-dist/tex/generic/pgf/systemlayer/pgfsys.code.tex
Package: pgfsys 2020/01/08 v3.1.5b (3.1.5b)
 (/usr/share/texlive/texmf-dist/tex/generic/pgf/utilities/pgfkeys.code.tex
\pgfkeys@pathtoks=\toks27
\pgfkeys@temptoks=\toks28
 (/usr/share/texlive/texmf-dist/tex/generic/pgf/utilities/pgfkeysfiltered.code.tex
\pgfkeys@tmptoks=\toks29
))
\pgf@x=\dimen172
\pgf@y=\dimen173
\pgf@xa=\dimen174
\pgf@ya=\dimen175
\pgf@xb=\dimen176
\pgf@yb=\dimen177
\pgf@xc=\dimen178
\pgf@yc=\dimen179
\pgf@xd=\dimen180
\pgf@yd=\dimen181
\w@pgf@writea=\write3
\r@pgf@reada=\read2
\c@pgf@counta=\count276
\c@pgf@countb=\count277
\c@pgf@countc=\count278
\c@pgf@countd=\count279
\t@pgf@toka=\toks30
\t@pgf@tokb=\toks31
\t@pgf@tokc=\toks32
\pgf@sys@id@count=\count280
 (/usr/share/texlive/texmf-dist/tex/generic/pgf/systemlayer/pgf.cfg
File: pgf.cfg 2020/01/08 v3.1.5b (3.1.5b)
)
Driver file for pgf: pgfsys-pdftex.def
 (/usr/share/texlive/texmf-dist/tex/generic/pgf/systemlayer/pgfsys-pdftex.def
File: pgfsys-pdftex.def 2020/01/08 v3.1.5b (3.1.5b)
 (/usr/share/texlive/texmf-dist/tex/generic/pgf/systemlayer/pgfsys-common-pdf.def
File: pgfsys-common-pdf.def 2020/01/08 v3.1.5b (3.1.5b)
))) (/usr/share/texlive/texmf-dist/tex/generic/pgf/systemlayer/pgfsyssoftpath.code.tex
File: pgfsyssoftpath.code.tex 2020/01/08 v3.1.5b (3.1.5b)
\pgfsyssoftpath@smallbuffer@items=\count281
\pgfsyssoftpath@bigbuffer@items=\count282
) (/usr/share/texlive/texmf-dist/tex/generic/pgf/systemlayer/pgfsysprotocol.code.tex
File: pgfsysprotocol.code.tex 2020/01/08 v3.1.5b (3.1.5b)
)) (/usr/share/texlive/texmf-dist/tex/latex/xcolor/xcolor.sty
Package: xcolor 2016/05/11 v2.12 LaTeX color extensions (UK)
 (/usr/share/texlive/texmf-dist/tex/latex/graphics-cfg/color.cfg
File: color.cfg 2016/01/02 v1.6 sample color configuration
)
Package xcolor Info: Driver file: pdftex.def on input line 225.
Package xcolor Info: Model `cmy' substituted by `cmy0' on input line 1348.
Package xcolor Info: Model `hsb' substituted by `rgb' on input line 1352.
Package xcolor Info: Model `RGB' extended on input line 1364.
Package xcolor Info: Model `HTML' substituted by `rgb' on input line 1366.
Package xcolor Info: Model `Hsb' substituted by `hsb' on input line 1367.
Package xcolor Info: Model `tHsb' substituted by `hsb' on input line 1368.
Package xcolor Info: Model `HSB' substituted by `hsb' on input line 1369.
Package xcolor Info: Model `Gray' substituted by `gray' on input line 1370.
Package xcolor Info: Model `wave' substituted by `hsb' on input line 1371.
) (/usr/share/texlive/texmf-dist/tex/generic/pgf/basiclayer/pgfcore.code.tex
Package: pgfcore 2020/01/08 v3.1.5b (3.1.5b)
 (/usr/share/texlive/texmf-dist/tex/generic/pgf/math/pgfmath.code.tex (/usr/share/texlive/texmf-dist/tex/generic/pgf/math/pgfmathcalc.code.tex (/usr/share/texlive/texmf-dist/tex/generic/pgf/math/pgfmathutil.code.tex) (/usr/share/texlive/texmf-dist/tex/generic/pgf/math/pgfmathparser.code.tex
\pgfmath@dimen=\dimen182
\pgfmath@count=\count283
\pgfmath@box=\box52
\pgfmath@toks=\toks33
\pgfmath@stack@operand=\toks34
\pgfmath@stack@operation=\toks35
) (/usr/share/texlive/texmf-dist/tex/generic/pgf/math/pgfmathfunctions.code.tex (/usr/share/texlive/texmf-dist/tex/generic/pgf/math/pgfmathfunctions.basic.code.tex) (/usr/share/texlive/texmf-dist/tex/generic/pgf/math/pgfmathfunctions.trigonometric.code.tex) (/usr/share/texlive/texmf-dist/tex/generic/pgf/math/pgfmathfunctions.random.code.tex) (/usr/share/texlive/texmf-dist/tex/generic/pgf/math/pgfmathfunctions.comparison.code.tex) (/usr/share/texlive/texmf-dist/tex/generic/pgf/math/pgfmathfunctions.base.code.tex) (/usr/share/texlive/texmf-dist/tex/generic/pgf/math/pgfmathfunctions.round.code.tex) (/usr/share/texlive/texmf-dist/tex/generic/pgf/math/pgfmathfunctions.misc.code.tex) (/usr/share/texlive/texmf-dist/tex/generic/pgf/math/pgfmathfunctions.integerarithmetics.code.tex))) (/usr/share/texlive/texmf-dist/tex/generic/pgf/math/pgfmathfloat.code.tex
\c@pgfmathroundto@lastzeros=\count284
)) (/usr/share/texlive/texmf-dist/tex/generic/pgf/math/pgfint.code.tex) (/usr/share/texlive/texmf-dist/tex/generic/pgf/basiclayer/pgfcorepoints.code.tex
File: pgfcorepoints.code.tex 2020/01/08 v3.1.5b (3.1.5b)
\pgf@picminx=\dimen183
\pgf@picmaxx=\dimen184
\pgf@picminy=\dimen185
\pgf@picmaxy=\dimen186
\pgf@pathminx=\dimen187
\pgf@pathmaxx=\dimen188
\pgf@pathminy=\dimen189
\pgf@pathmaxy=\dimen190
\pgf@xx=\dimen191
\pgf@xy=\dimen192
\pgf@yx=\dimen193
\pgf@yy=\dimen194
\pgf@zx=\dimen195
\pgf@zy=\dimen196
) (/usr/share/texlive/texmf-dist/tex/generic/pgf/basiclayer/pgfcorepathconstruct.code.tex
File: pgfcorepathconstruct.code.tex 2020/01/08 v3.1.5b (3.1.5b)
\pgf@path@lastx=\dimen197
\pgf@path@lasty=\dimen198
) (/usr/share/texlive/texmf-dist/tex/generic/pgf/basiclayer/pgfcorepathusage.code.tex
File: pgfcorepathusage.code.tex 2020/01/08 v3.1.5b (3.1.5b)
\pgf@shorten@end@additional=\dimen199
\pgf@shorten@start@additional=\dimen256
) (/usr/share/texlive/texmf-dist/tex/generic/pgf/basiclayer/pgfcorescopes.code.tex
File: pgfcorescopes.code.tex 2020/01/08 v3.1.5b (3.1.5b)
\pgfpic=\box53
\pgf@hbox=\box54
\pgf@layerbox@main=\box55
\pgf@picture@serial@count=\count285
) (/usr/share/texlive/texmf-dist/tex/generic/pgf/basiclayer/pgfcoregraphicstate.code.tex
File: pgfcoregraphicstate.code.tex 2020/01/08 v3.1.5b (3.1.5b)
\pgflinewidth=\dimen257
) (/usr/share/texlive/texmf-dist/tex/generic/pgf/basiclayer/pgfcoretransformations.code.tex
File: pgfcoretransformations.code.tex 2020/01/08 v3.1.5b (3.1.5b)
\pgf@pt@x=\dimen258
\pgf@pt@y=\dimen259
\pgf@pt@temp=\dimen260
) (/usr/share/texlive/texmf-dist/tex/generic/pgf/basiclayer/pgfcorequick.code.tex
File: pgfcorequick.code.tex 2020/01/08 v3.1.5b (3.1.5b)
) (/usr/share/texlive/texmf-dist/tex/generic/pgf/basiclayer/pgfcoreobjects.code.tex
File: pgfcoreobjects.code.tex 2020/01/08 v3.1.5b (3.1.5b)
) (/usr/share/texlive/texmf-dist/tex/generic/pgf/basiclayer/pgfcorepathprocessing.code.tex
File: pgfcorepathprocessing.code.tex 2020/01/08 v3.1.5b (3.1.5b)
) (/usr/share/texlive/texmf-dist/tex/generic/pgf/basiclayer/pgfcorearrows.code.tex
File: pgfcorearrows.code.tex 2020/01/08 v3.1.5b (3.1.5b)
\pgfarrowsep=\dimen261
) (/usr/share/texlive/texmf-dist/tex/generic/pgf/basiclayer/pgfcoreshade.code.tex
File: pgfcoreshade.code.tex 2020/01/08 v3.1.5b (3.1.5b)
\pgf@max=\dimen262
\pgf@sys@shading@range@num=\count286
\pgf@shadingcount=\count287
) (/usr/share/texlive/texmf-dist/tex/generic/pgf/basiclayer/pgfcoreimage.code.tex
File: pgfcoreimage.code.tex 2020/01/08 v3.1.5b (3.1.5b)
 (/usr/share/texlive/texmf-dist/tex/generic/pgf/basiclayer/pgfcoreexternal.code.tex
File: pgfcoreexternal.code.tex 2020/01/08 v3.1.5b (3.1.5b)
\pgfexternal@startupbox=\box56
)) (/usr/share/texlive/texmf-dist/tex/generic/pgf/basiclayer/pgfcorelayers.code.tex
File: pgfcorelayers.code.tex 2020/01/08 v3.1.5b (3.1.5b)
) (/usr/share/texlive/texmf-dist/tex/generic/pgf/basiclayer/pgfcoretransparency.code.tex
File: pgfcoretransparency.code.tex 2020/01/08 v3.1.5b (3.1.5b)
) (/usr/share/texlive/texmf-dist/tex/generic/pgf/basiclayer/pgfcorepatterns.code.tex
File: pgfcorepatterns.code.tex 2020/01/08 v3.1.5b (3.1.5b)
) (/usr/share/texlive/texmf-dist/tex/generic/pgf/basiclayer/pgfcorerdf.code.tex
File: pgfcorerdf.code.tex 2020/01/08 v3.1.5b (3.1.5b)
))) (/usr/share/texlive/texmf-dist/tex/generic/pgf/modules/pgfmoduleshapes.code.tex
File: pgfmoduleshapes.code.tex 2020/01/08 v3.1.5b (3.1.5b)
\pgfnodeparttextbox=\box57
) (/usr/share/texlive/texmf-dist/tex/generic/pgf/modules/pgfmoduleplot.code.tex
File: pgfmoduleplot.code.tex 2020/01/08 v3.1.5b (3.1.5b)
) (/usr/share/texlive/texmf-dist/tex/latex/pgf/compatibility/pgfcomp-version-0-65.sty
Package: pgfcomp-version-0-65 2020/01/08 v3.1.5b (3.1.5b)
\pgf@nodesepstart=\dimen263
\pgf@nodesepend=\dimen264
) (/usr/share/texlive/texmf-dist/tex/latex/pgf/compatibility/pgfcomp-version-1-18.sty
Package: pgfcomp-version-1-18 2020/01/08 v3.1.5b (3.1.5b)
)) (/usr/share/texlive/texmf-dist/tex/latex/pgf/utilities/pgffor.sty (/usr/share/texlive/texmf-dist/tex/latex/pgf/utilities/pgfkeys.sty (/usr/share/texlive/texmf-dist/tex/generic/pgf/utilities/pgfkeys.code.tex)) (/usr/share/texlive/texmf-dist/tex/latex/pgf/math/pgfmath.sty (/usr/share/texlive/texmf-dist/tex/generic/pgf/math/pgfmath.code.tex)) (/usr/share/texlive/texmf-dist/tex/generic/pgf/utilities/pgffor.code.tex
Package: pgffor 2020/01/08 v3.1.5b (3.1.5b)
 (/usr/share/texlive/texmf-dist/tex/generic/pgf/math/pgfmath.code.tex)
\pgffor@iter=\dimen265
\pgffor@skip=\dimen266
\pgffor@stack=\toks36
\pgffor@toks=\toks37
)) (/usr/share/texlive/texmf-dist/tex/generic/pgf/frontendlayer/tikz/tikz.code.tex
Package: tikz 2020/01/08 v3.1.5b (3.1.5b)
 (/usr/share/texlive/texmf-dist/tex/generic/pgf/libraries/pgflibraryplothandlers.code.tex
File: pgflibraryplothandlers.code.tex 2020/01/08 v3.1.5b (3.1.5b)
\pgf@plot@mark@count=\count288
\pgfplotmarksize=\dimen267
)
\tikz@lastx=\dimen268
\tikz@lasty=\dimen269
\tikz@lastxsaved=\dimen270
\tikz@lastysaved=\dimen271
\tikz@lastmovetox=\dimen272
\tikz@lastmovetoy=\dimen273
\tikzleveldistance=\dimen274
\tikzsiblingdistance=\dimen275
\tikz@figbox=\box58
\tikz@figbox@bg=\box59
\tikz@tempbox=\box60
\tikz@tempbox@bg=\box61
\tikztreelevel=\count289
\tikznumberofchildren=\count290
\tikznumberofcurrentchild=\count291
\tikz@fig@count=\count292
 (/usr/share/texlive/texmf-dist/tex/generic/pgf/modules/pgfmodulematrix.code.tex
File: pgfmodulematrix.code.tex 2020/01/08 v3.1.5b (3.1.5b)
\pgfmatrixcurrentrow=\count293
\pgfmatrixcurrentcolumn=\count294
\pgf@matrix@numberofcolumns=\count295
)
\tikz@expandcount=\count296
 (/usr/share/texlive/texmf-dist/tex/generic/pgf/frontendlayer/tikz/libraries/tikzlibrarytopaths.code.tex
File: tikzlibrarytopaths.code.tex 2020/01/08 v3.1.5b (3.1.5b)
))) (/usr/share/texlive/texmf-dist/tex/latex/biblatex/biblatex.sty
Package: biblatex 2019/12/01 v3.14 programmable bibliographies (PK/MW)
 (/usr/share/texlive/texmf-dist/tex/latex/pdftexcmds/pdftexcmds.sty
Package: pdftexcmds 2019/11/24 v0.31 Utility functions of pdfTeX for LuaTeX (HO)
 (/usr/share/texlive/texmf-dist/tex/generic/infwarerr/infwarerr.sty
Package: infwarerr 2019/12/03 v1.5 Providing info/warning/error messages (HO)
) (/usr/share/texlive/texmf-dist/tex/generic/ltxcmds/ltxcmds.sty
Package: ltxcmds 2019/12/15 v1.24 LaTeX kernel commands for general use (HO)
)
Package pdftexcmds Info: \pdf@primitive is available.
Package pdftexcmds Info: \pdf@ifprimitive is available.
Package pdftexcmds Info: \pdfdraftmode found.
) (/usr/share/texlive/texmf-dist/tex/latex/etoolbox/etoolbox.sty
Package: etoolbox 2019/09/21 v2.5h e-TeX tools for LaTeX (JAW)
\etb@tempcnta=\count297
) (/usr/share/texlive/texmf-dist/tex/latex/kvoptions/kvoptions.sty
Package: kvoptions 2019/11/29 v3.13 Key value format for package options (HO)
 (/usr/share/texlive/texmf-dist/tex/generic/kvsetkeys/kvsetkeys.sty
Package: kvsetkeys 2019/12/15 v1.18 Key value parser (HO)
)) (/usr/share/texlive/texmf-dist/tex/latex/logreq/logreq.sty
Package: logreq 2010/08/04 v1.0 xml request logger
\lrq@indent=\count298
 (/usr/share/texlive/texmf-dist/tex/latex/logreq/logreq.def
File: logreq.def 2010/08/04 v1.0 logreq spec v1.0
)) (/usr/share/texlive/texmf-dist/tex/latex/base/ifthen.sty
Package: ifthen 2014/09/29 v1.1c Standard LaTeX ifthen package (DPC)
) (/usr/share/texlive/texmf-dist/tex/latex/url/url.sty
\Urlmuskip=\muskip17
Package: url 2013/09/16  ver 3.4  Verb mode for urls, etc.
)
\c@tabx@nest=\count299
\c@listtotal=\count300
\c@listcount=\count301
\c@liststart=\count302
\c@liststop=\count303
\c@citecount=\count304
\c@citetotal=\count305
\c@multicitecount=\count306
\c@multicitetotal=\count307
\c@instcount=\count308
\c@maxnames=\count309
\c@minnames=\count310
\c@maxitems=\count311
\c@minitems=\count312
\c@citecounter=\count313
\c@maxcitecounter=\count314
\c@savedcitecounter=\count315
\c@uniquelist=\count316
\c@uniquename=\count317
\c@refsection=\count318
\c@refsegment=\count319
\c@maxextratitle=\count320
\c@maxextratitleyear=\count321
\c@maxextraname=\count322
\c@maxextradate=\count323
\c@maxextraalpha=\count324
\c@abbrvpenalty=\count325
\c@highnamepenalty=\count326
\c@lownamepenalty=\count327
\c@maxparens=\count328
\c@parenlevel=\count329
\blx@tempcnta=\count330
\blx@tempcntb=\count331
\blx@tempcntc=\count332
\blx@maxsection=\count333
\blx@maxsegment@0=\count334
\blx@notetype=\count335
\blx@parenlevel@text=\count336
\blx@parenlevel@foot=\count337
\blx@sectionciteorder@0=\count338
\blx@entrysetcounter=\count339
\labelnumberwidth=\skip62
\labelalphawidth=\skip63
\biblabelsep=\skip64
\bibitemsep=\skip65
\bibnamesep=\skip66
\bibinitsep=\skip67
\bibparsep=\skip68
\bibhang=\skip69
\blx@bcfin=\read3
\blx@bcfout=\write4
\blx@langwohyphens=\language85
\c@mincomprange=\count340
\c@maxcomprange=\count341
\c@mincompwidth=\count342
Package biblatex Info: Trying to load biblatex default data model...
Package biblatex Info: ... file 'blx-dm.def' found.
 (/usr/share/texlive/texmf-dist/tex/latex/biblatex/blx-dm.def
File: blx-dm.def 2019/12/01 v3.14 biblatex localization (PK/MW)
)
Package biblatex Info: Trying to load biblatex custom data model...
Package biblatex Info: ... file 'biblatex-dm.cfg' not found.
\c@afterword=\count343
\c@savedafterword=\count344
\c@annotator=\count345
\c@savedannotator=\count346
\c@author=\count347
\c@savedauthor=\count348
\c@bookauthor=\count349
\c@savedbookauthor=\count350
\c@commentator=\count351
\c@savedcommentator=\count352
\c@editor=\count353
\c@savededitor=\count354
\c@editora=\count355
\c@savededitora=\count356
\c@editorb=\count357
\c@savededitorb=\count358
\c@editorc=\count359
\c@savededitorc=\count360
\c@foreword=\count361
\c@savedforeword=\count362
\c@holder=\count363
\c@savedholder=\count364
\c@introduction=\count365
\c@savedintroduction=\count366
\c@namea=\count367
\c@savednamea=\count368
\c@nameb=\count369
\c@savednameb=\count370
\c@namec=\count371
\c@savednamec=\count372
\c@translator=\count373
\c@savedtranslator=\count374
\c@shortauthor=\count375
\c@savedshortauthor=\count376
\c@shorteditor=\count377
\c@savedshorteditor=\count378
\c@labelname=\count379
\c@savedlabelname=\count380
\c@institution=\count381
\c@savedinstitution=\count382
\c@lista=\count383
\c@savedlista=\count384
\c@listb=\count385
\c@savedlistb=\count386
\c@listc=\count387
\c@savedlistc=\count388
\c@listd=\count389
\c@savedlistd=\count390
\c@liste=\count391
\c@savedliste=\count392
\c@listf=\count393
\c@savedlistf=\count394
\c@location=\count395
\c@savedlocation=\count396
\c@organization=\count397
\c@savedorganization=\count398
\c@origlocation=\count399
\c@savedoriglocation=\count400
\c@origpublisher=\count401
\c@savedorigpublisher=\count402
\c@publisher=\count403
\c@savedpublisher=\count404
\c@language=\count405
\c@savedlanguage=\count406
\c@origlanguage=\count407
\c@savedoriglanguage=\count408
\c@pageref=\count409
\c@savedpageref=\count410
\shorthandwidth=\skip70
\shortjournalwidth=\skip71
\shortserieswidth=\skip72
\shorttitlewidth=\skip73
\shortauthorwidth=\skip74
\shorteditorwidth=\skip75
\locallabelnumberwidth=\skip76
\locallabelalphawidth=\skip77
\localshorthandwidth=\skip78
\localshortjournalwidth=\skip79
\localshortserieswidth=\skip80
\localshorttitlewidth=\skip81
\localshortauthorwidth=\skip82
\localshorteditorwidth=\skip83
Package biblatex Info: Trying to load compatibility code...
Package biblatex Info: ... file 'blx-compat.def' found.
 (/usr/share/texlive/texmf-dist/tex/latex/biblatex/blx-compat.def
File: blx-compat.def 2019/12/01 v3.14 biblatex compatibility (PK/MW)
)
Package biblatex Info: Trying to load generic definitions...
Package biblatex Info: ... file 'biblatex.def' found.
 (/usr/share/texlive/texmf-dist/tex/latex/biblatex/biblatex.def
File: biblatex.def 2019/12/01 v3.14 biblatex compatibility (PK/MW)
\c@textcitecount=\count411
\c@textcitetotal=\count412
\c@textcitemaxnames=\count413
\c@biburlbigbreakpenalty=\count414
\c@biburlbreakpenalty=\count415
\c@biburlnumpenalty=\count416
\c@biburlucpenalty=\count417
\c@biburllcpenalty=\count418
\biburlbigskip=\muskip18
\biburlnumskip=\muskip19
\biburlucskip=\muskip20
\biburllcskip=\muskip21
\c@smartand=\count419
)
Package biblatex Info: Trying to load bibliography style 'numeric'...
Package biblatex Info: ... file 'numeric.bbx' found.
 (/usr/share/texlive/texmf-dist/tex/latex/biblatex/bbx/numeric.bbx
File: numeric.bbx 2019/12/01 v3.14 biblatex bibliography style (PK/MW)
Package biblatex Info: Trying to load bibliography style 'standard'...
Package biblatex Info: ... file 'standard.bbx' found.
 (/usr/share/texlive/texmf-dist/tex/latex/biblatex/bbx/standard.bbx
File: standard.bbx 2019/12/01 v3.14 biblatex bibliography style (PK/MW)
\c@bbx:relatedcount=\count420
\c@bbx:relatedtotal=\count421
))
Package biblatex Info: Trying to load citation style 'numeric'...
Package biblatex Info: ... file 'numeric.cbx' found.
 (/usr/share/texlive/texmf-dist/tex/latex/biblatex/cbx/numeric.cbx
File: numeric.cbx 2019/12/01 v3.14 biblatex citation style (PK/MW)
Package biblatex Info: Redefining '\cite'.
Package biblatex Info: Redefining '\parencite'.
Package biblatex Info: Redefining '\footcite'.
Package biblatex Info: Redefining '\footcitetext'.
Package biblatex Info: Redefining '\smartcite'.
Package biblatex Info: Redefining '\supercite'.
Package biblatex Info: Redefining '\textcite'.
Package biblatex Info: Redefining '\textcites'.
Package biblatex Info: Redefining '\cites'.
Package biblatex Info: Redefining '\parencites'.
Package biblatex Info: Redefining '\smartcites'.
)
Package biblatex Info: Trying to load configuration file...
Package biblatex Info: ... file 'biblatex.cfg' found.
 (/usr/share/texlive/texmf-dist/tex/latex/biblatex/biblatex.cfg
File: biblatex.cfg 
)) (/usr/share/texlive/texmf-dist/tex/latex/algorithm2e/algorithm2e.sty
Package: algorithm2e 2017/07/18 v5.2 algorithms environments
\c@AlgoLine=\count422
\algocf@hangindent=\skip84
 (/usr/share/texlive/texmf-dist/tex/latex/ifoddpage/ifoddpage.sty
Package: ifoddpage 2016/04/23 v1.1 Conditionals for odd/even page detection
\c@checkoddpage=\count423
) (/usr/share/texlive/texmf-dist/tex/latex/tools/xspace.sty
Package: xspace 2014/10/28 v1.13 Space after command names (DPC,MH)
) (/usr/share/texlive/texmf-dist/tex/latex/relsize/relsize.sty
Package: relsize 2013/03/29 ver 4.1
)
\skiptotal=\skip85
\skiplinenumber=\skip86
\skiprule=\skip87
\skiphlne=\skip88
\skiptext=\skip89
\skiplength=\skip90
\algomargin=\skip91
\skipalgocfslide=\skip92
\algowidth=\dimen276
\inoutsize=\dimen277
\inoutindent=\dimen278
\interspacetitleruled=\dimen279
\interspacealgoruled=\dimen280
\interspacetitleboxruled=\dimen281
\algocf@ruledwidth=\skip93
\algocf@inoutbox=\box62
\algocf@inputbox=\box63
\AlCapSkip=\skip94
\AlCapHSkip=\skip95
\algoskipindent=\skip96
\algocf@nlbox=\box64
\algocf@hangingbox=\box65
\algocf@untilbox=\box66
\algocf@skipuntil=\skip97
\algocf@capbox=\box67
\algocf@lcaptionbox=\skip98
\algoheightruledefault=\skip99
\algoheightrule=\skip100
\algotitleheightruledefault=\skip101
\algotitleheightrule=\skip102
\c@algocfline=\count424
\c@algocfproc=\count425
\c@algocf=\count426
\algocf@algoframe=\box68
\algocf@algobox=\box69
) (/usr/share/texlive/texmf-dist/tex/latex/hyperref/hyperref.sty
Package: hyperref 2020/01/14 v7.00d Hypertext links for LaTeX
 (/usr/share/texlive/texmf-dist/tex/generic/kvdefinekeys/kvdefinekeys.sty
Package: kvdefinekeys 2019-12-19 v1.6 Define keys (HO)
) (/usr/share/texlive/texmf-dist/tex/generic/pdfescape/pdfescape.sty
Package: pdfescape 2019/12/09 v1.15 Implements pdfTeX's escape features (HO)
) (/usr/share/texlive/texmf-dist/tex/latex/hycolor/hycolor.sty
Package: hycolor 2020-01-27 v1.10 Color options for hyperref/bookmark (HO)
) (/usr/share/texlive/texmf-dist/tex/latex/letltxmacro/letltxmacro.sty
Package: letltxmacro 2019/12/03 v1.6 Let assignment for LaTeX macros (HO)
) (/usr/share/texlive/texmf-dist/tex/latex/auxhook/auxhook.sty
Package: auxhook 2019-12-17 v1.6 Hooks for auxiliary files (HO)
)
\@linkdim=\dimen282
\Hy@linkcounter=\count427
\Hy@pagecounter=\count428
 (/usr/share/texlive/texmf-dist/tex/latex/hyperref/pd1enc.def
File: pd1enc.def 2020/01/14 v7.00d Hyperref: PDFDocEncoding definition (HO)
Now handling font encoding PD1 ...
... no UTF-8 mapping file for font encoding PD1
) (/usr/share/texlive/texmf-dist/tex/generic/intcalc/intcalc.sty
Package: intcalc 2019/12/15 v1.3 Expandable calculations with integers (HO)
) (/usr/share/texlive/texmf-dist/tex/generic/etexcmds/etexcmds.sty
Package: etexcmds 2019/12/15 v1.7 Avoid name clashes with e-TeX commands (HO)
)
\Hy@SavedSpaceFactor=\count429
\pdfmajorversion=\count430
Package hyperref Info: Hyper figures OFF on input line 4547.
Package hyperref Info: Link nesting OFF on input line 4552.
Package hyperref Info: Hyper index ON on input line 4555.
Package hyperref Info: Plain pages OFF on input line 4562.
Package hyperref Info: Backreferencing OFF on input line 4567.
Package hyperref Info: Implicit mode ON; LaTeX internals redefined.
Package hyperref Info: Bookmarks ON on input line 4800.
\c@Hy@tempcnt=\count431
LaTeX Info: Redefining \url on input line 5159.
\XeTeXLinkMargin=\dimen283
 (/usr/share/texlive/texmf-dist/tex/generic/bitset/bitset.sty
Package: bitset 2019/12/09 v1.3 Handle bit-vector datatype (HO)
 (/usr/share/texlive/texmf-dist/tex/generic/bigintcalc/bigintcalc.sty
Package: bigintcalc 2019/12/15 v1.5 Expandable calculations on big integers (HO)
))
\Fld@menulength=\count432
\Field@Width=\dimen284
\Fld@charsize=\dimen285
Package hyperref Info: Hyper figures OFF on input line 6430.
Package hyperref Info: Link nesting OFF on input line 6435.
Package hyperref Info: Hyper index ON on input line 6438.
Package hyperref Info: backreferencing OFF on input line 6445.
Package hyperref Info: Link coloring OFF on input line 6450.
Package hyperref Info: Link coloring with OCG OFF on input line 6455.
Package hyperref Info: PDF/A mode OFF on input line 6460.
LaTeX Info: Redefining \ref on input line 6500.
LaTeX Info: Redefining \pageref on input line 6504.
 (/usr/share/texlive/texmf-dist/tex/generic/atbegshi/atbegshi.sty
Package: atbegshi 2019/12/05 v1.19 At begin shipout hook (HO)
)
\Hy@abspage=\count433
\c@Item=\count434
\c@Hfootnote=\count435
)
Package hyperref Info: Driver (autodetected): hpdftex.
 (/usr/share/texlive/texmf-dist/tex/latex/hyperref/hpdftex.def
File: hpdftex.def 2020/01/14 v7.00d Hyperref driver for pdfTeX
 (/usr/share/texlive/texmf-dist/tex/latex/atveryend/atveryend.sty
Package: atveryend 2019-12-11 v1.11 Hooks at the very end of document (HO)
)
\Fld@listcount=\count436
\c@bookmark@seq@number=\count437
 (/usr/share/texlive/texmf-dist/tex/latex/rerunfilecheck/rerunfilecheck.sty
Package: rerunfilecheck 2019/12/05 v1.9 Rerun checks for auxiliary files (HO)
 (/usr/share/texlive/texmf-dist/tex/generic/uniquecounter/uniquecounter.sty
Package: uniquecounter 2019/12/15 v1.4 Provide unlimited unique counter (HO)
)
Package uniquecounter Info: New unique counter `rerunfilecheck' on input line 286.
)
\Hy@SectionHShift=\skip103
) (/usr/share/texlive/texmf-dist/tex/latex/setspace/setspace.sty
Package: setspace 2011/12/19 v6.7a set line spacing
)
\@quotelevel=\count438
\@quotereset=\count439
 (/usr/share/texlive/texmf-dist/tex/latex/l3backend/l3backend-pdfmode.def
File: l3backend-pdfmode.def 2020-02-03 L3 backend support: PDF mode
\l__kernel_color_stack_int=\count440
\l__pdf_internal_box=\box70
) (/home/solal/Documents/Stage_lip6/Coop-robot/rapport/RapportStage.aux)
\openout1 = `RapportStage.aux'.

LaTeX Font Info:    Checking defaults for OML/cmm/m/it on input line 28.
LaTeX Font Info:    ... okay on input line 28.
LaTeX Font Info:    Checking defaults for OMS/cmsy/m/n on input line 28.
LaTeX Font Info:    ... okay on input line 28.
LaTeX Font Info:    Checking defaults for OT1/cmr/m/n on input line 28.
LaTeX Font Info:    ... okay on input line 28.
LaTeX Font Info:    Checking defaults for T1/cmr/m/n on input line 28.
LaTeX Font Info:    ... okay on input line 28.
LaTeX Font Info:    Checking defaults for TS1/cmr/m/n on input line 28.
LaTeX Font Info:    ... okay on input line 28.
LaTeX Font Info:    Checking defaults for OMX/cmex/m/n on input line 28.
LaTeX Font Info:    ... okay on input line 28.
LaTeX Font Info:    Checking defaults for U/cmr/m/n on input line 28.
LaTeX Font Info:    ... okay on input line 28.
LaTeX Font Info:    Checking defaults for PD1/pdf/m/n on input line 28.
LaTeX Font Info:    ... okay on input line 28.

*geometry* driver: auto-detecting
*geometry* detected driver: pdftex
*geometry* verbose mode - [ preamble ] result:
* driver: pdftex
* paper: <default>
* layout: <same size as paper>
* layoutoffset:(h,v)=(0.0pt,0.0pt)
* modes: 
* h-part:(L,W,R)=(99.58464pt, 415.12572pt, 99.58464pt)
* v-part:(T,H,B)=(42.67912pt, 709.61174pt, 42.67912pt)
* \paperwidth=614.295pt
* \paperheight=794.96999pt
* \textwidth=415.12572pt
* \textheight=709.61174pt
* \oddsidemargin=27.31465pt
* \evensidemargin=27.31465pt
* \topmargin=-66.59087pt
* \headheight=12.0pt
* \headsep=25.0pt
* \topskip=10.0pt
* \footskip=30.0pt
* \marginparwidth=65.0pt
* \marginparsep=11.0pt
* \columnsep=10.0pt
* \skip\footins=9.0pt plus 4.0pt minus 2.0pt
* \hoffset=0.0pt
* \voffset=0.0pt
* \mag=1000
* \@twocolumnfalse
* \@twosidefalse
* \@mparswitchfalse
* \@reversemarginfalse
* (1in=72.27pt=25.4mm, 1cm=28.453pt)

\c@lstlisting=\count441
(/usr/share/texlive/texmf-dist/tex/context/base/mkii/supp-pdf.mkii
[Loading MPS to PDF converter (version 2006.09.02).]
\scratchcounter=\count442
\scratchdimen=\dimen286
\scratchbox=\box71
\nofMPsegments=\count443
\nofMParguments=\count444
\everyMPshowfont=\toks38
\MPscratchCnt=\count445
\MPscratchDim=\dimen287
\MPnumerator=\count446
\makeMPintoPDFobject=\count447
\everyMPtoPDFconversion=\toks39
) (/usr/share/texlive/texmf-dist/tex/latex/epstopdf-pkg/epstopdf-base.sty
Package: epstopdf-base 2020-01-24 v2.11 Base part for package epstopdf
Package epstopdf-base Info: Redefining graphics rule for `.eps' on input line 485.
 (/usr/share/texlive/texmf-dist/tex/latex/latexconfig/epstopdf-sys.cfg
File: epstopdf-sys.cfg 2010/07/13 v1.3 Configuration of (r)epstopdf for TeX Live
))
Package caption Info: Begin \AtBeginDocument code.
Package caption Info: subfig package v1.3 is loaded.
Package caption Info: hyperref package is loaded.
Package caption Info: End \AtBeginDocument code.
 ABD: EveryShipout initializing macros
Package biblatex Info: Trying to load language 'english'...
Package biblatex Info: ... file 'english.lbx' found.
 (/usr/share/texlive/texmf-dist/tex/latex/biblatex/lbx/english.lbx
File: english.lbx 2019/12/01 v3.14 biblatex localization (PK/MW)
)
Package biblatex Info: Input encoding 'utf8' detected.
Package biblatex Info: Automatic encoding selection.
(biblatex)             Assuming data encoding 'utf8'.
\openout4 = `RapportStage.bcf'.

Package biblatex Info: Trying to load bibliographic data...
Package biblatex Info: ... file 'RapportStage.bbl' found.
 (/home/solal/Documents/Stage_lip6/Coop-robot/rapport/RapportStage.bbl)
Package biblatex Info: Reference section=0 on input line 28.
Package biblatex Info: Reference segment=0 on input line 28.
\AtBeginShipoutBox=\box72
Package hyperref Info: Link coloring OFF on input line 28.
 (/usr/share/texlive/texmf-dist/tex/latex/hyperref/nameref.sty
Package: nameref 2019/09/16 v2.46 Cross-referencing by name of section
 (/usr/share/texlive/texmf-dist/tex/latex/refcount/refcount.sty
Package: refcount 2019/12/15 v3.6 Data extraction from label references (HO)
) (/usr/share/texlive/texmf-dist/tex/generic/gettitlestring/gettitlestring.sty
Package: gettitlestring 2019/12/15 v1.6 Cleanup title references (HO)
)
\c@section@level=\count448
)
LaTeX Info: Redefining \ref on input line 28.
LaTeX Info: Redefining \pageref on input line 28.
LaTeX Info: Redefining \nameref on input line 28.
 (/home/solal/Documents/Stage_lip6/Coop-robot/rapport/RapportStage.out) (/home/solal/Documents/Stage_lip6/Coop-robot/rapport/RapportStage.out)
\@outlinefile=\write5
\openout5 = `RapportStage.out'.

LaTeX Font Info:    Trying to load font information for U+msa on input line 31.
 (/usr/share/texlive/texmf-dist/tex/latex/amsfonts/umsa.fd
File: umsa.fd 2013/01/14 v3.01 AMS symbols A
)
LaTeX Font Info:    Trying to load font information for U+msb on input line 31.
 (/usr/share/texlive/texmf-dist/tex/latex/amsfonts/umsb.fd
File: umsb.fd 2013/01/14 v3.01 AMS symbols B
) (/home/solal/Documents/Stage_lip6/Coop-robot/rapport/RapportStage.toc)
\tf@toc=\write6
\openout6 = `RapportStage.toc'.

 [1

{/var/lib/texmf/fonts/map/pdftex/updmap/pdftex.map}] (/home/solal/Documents/Stage_lip6/Coop-robot/rapport/dessinSM.pdf_tex
<dessinSM.pdf, id=95, page=1, 341.99387pt x 344.67795pt>
File: dessinSM.pdf Graphic file (type pdf)
<use dessinSM.pdf, page 1>
Package pdftex.def Info: dessinSM.pdf , page1 used on input line 56.
(pdftex.def)             Requested size: 102.5992pt x 103.40417pt.
<dessinSM.pdf, id=96, page=2, 341.99387pt x 344.67795pt>
File: dessinSM.pdf Graphic file (type pdf)
<use dessinSM.pdf, page 2>
Package pdftex.def Info: dessinSM.pdf , page2 used on input line 59.
(pdftex.def)             Requested size: 102.5992pt x 103.40417pt.
<dessinSM.pdf, id=97, page=3, 341.99387pt x 344.67795pt>
File: dessinSM.pdf Graphic file (type pdf)
<use dessinSM.pdf, page 3>
Package pdftex.def Info: dessinSM.pdf , page3 used on input line 62.
(pdftex.def)             Requested size: 102.5992pt x 103.40417pt.
) [2 </home/solal/Documents/Stage_lip6/Coop-robot/rapport/dessinSM.pdf> </home/solal/Documents/Stage_lip6/Coop-robot/rapport/dessinSM.pdf

pdfTeX warning: pdflatex (file /home/solal/Documents/Stage_lip6/Coop-robot/rapport/dessinSM.pdf): PDF inclusion: multiple pdfs with page group included in a single page
> </home/solal/Documents/Stage_lip6/Coop-robot/rapport/dessinSM.pdf

pdfTeX warning: pdflatex (file /home/solal/Documents/Stage_lip6/Coop-robot/rapport/dessinSM.pdf): PDF inclusion: multiple pdfs with page group included in a single page
>]
Underfull \hbox (badness 10000) in paragraph at lines 84--85

 []

[3] [4] (/home/solal/Documents/Stage_lip6/Coop-robot/rapport/dessinRigid.pdf_tex
<dessinRigid.pdf, id=121, page=1, 395.27068pt x 357.24213pt>
File: dessinRigid.pdf Graphic file (type pdf)
<use dessinRigid.pdf, page 1>
Package pdftex.def Info: dessinRigid.pdf , page1 used on input line 56.
(pdftex.def)             Requested size: 118.5824pt x 107.17346pt.
<dessinRigid.pdf, id=122, page=2, 395.27068pt x 357.24213pt>
File: dessinRigid.pdf Graphic file (type pdf)
<use dessinRigid.pdf, page 2>
Package pdftex.def Info: dessinRigid.pdf , page2 used on input line 59.
(pdftex.def)             Requested size: 118.5824pt x 107.17346pt.
<dessinRigid.pdf, id=123, page=3, 395.27068pt x 357.24213pt>
File: dessinRigid.pdf Graphic file (type pdf)
<use dessinRigid.pdf, page 3>
Package pdftex.def Info: dessinRigid.pdf , page3 used on input line 62.
(pdftex.def)             Requested size: 118.5824pt x 107.17346pt.
<dessinRigid.pdf, id=124, page=4, 395.27068pt x 357.24213pt>
File: dessinRigid.pdf Graphic file (type pdf)
<use dessinRigid.pdf, page 4>
Package pdftex.def Info: dessinRigid.pdf , page4 used on input line 66.
(pdftex.def)             Requested size: 118.5824pt x 107.17346pt.
<dessinRigid.pdf, id=125, page=5, 395.27068pt x 357.24213pt>
File: dessinRigid.pdf Graphic file (type pdf)
<use dessinRigid.pdf, page 5>
Package pdftex.def Info: dessinRigid.pdf , page5 used on input line 69.
(pdftex.def)             Requested size: 118.5824pt x 107.17346pt.
) (/home/solal/Documents/Stage_lip6/Coop-robot/rapport/dessinOdd.pdf_tex
<dessinOdd.pdf, id=126, page=1, 348.67867pt x 380.26953pt>
File: dessinOdd.pdf Graphic file (type pdf)
<use dessinOdd.pdf, page 1>
Package pdftex.def Info: dessinOdd.pdf , page1 used on input line 56.
(pdftex.def)             Requested size: 104.60466pt x 114.08173pt.
<dessinOdd.pdf, id=127, page=2, 348.67867pt x 380.26953pt>
File: dessinOdd.pdf Graphic file (type pdf)
<use dessinOdd.pdf, page 2>
Package pdftex.def Info: dessinOdd.pdf , page2 used on input line 59.
(pdftex.def)             Requested size: 104.60466pt x 114.08173pt.
<dessinOdd.pdf, id=128, page=3, 348.67867pt x 380.26953pt>
File: dessinOdd.pdf Graphic file (type pdf)
<use dessinOdd.pdf, page 3>
Package pdftex.def Info: dessinOdd.pdf , page3 used on input line 62.
(pdftex.def)             Requested size: 104.60466pt x 114.08173pt.
<dessinOdd.pdf, id=129, page=4, 348.67867pt x 380.26953pt>
File: dessinOdd.pdf Graphic file (type pdf)
<use dessinOdd.pdf, page 4>
Package pdftex.def Info: dessinOdd.pdf , page4 used on input line 64.
(pdftex.def)             Requested size: 104.60466pt x 114.08173pt.
) [5 </home/solal/Documents/Stage_lip6/Coop-robot/rapport/dessinRigid.pdf> </home/solal/Documents/Stage_lip6/Coop-robot/rapport/dessinRigid.pdf

pdfTeX warning: pdflatex (file /home/solal/Documents/Stage_lip6/Coop-robot/rapport/dessinRigid.pdf): PDF inclusion: multiple pdfs with page group included in a single page
> </home/solal/Documents/Stage_lip6/Coop-robot/rapport/dessinRigid.pdf

pdfTeX warning: pdflatex (file /home/solal/Documents/Stage_lip6/Coop-robot/rapport/dessinRigid.pdf): PDF inclusion: multiple pdfs with page group included in a single page
> </home/solal/Documents/Stage_lip6/Coop-robot/rapport/dessinRigid.pdf

pdfTeX warning: pdflatex (file /home/solal/Documents/Stage_lip6/Coop-robot/rapport/dessinRigid.pdf): PDF inclusion: multiple pdfs with page group included in a single page
> </home/solal/Documents/Stage_lip6/Coop-robot/rapport/dessinRigid.pdf

pdfTeX warning: pdflatex (file /home/solal/Documents/Stage_lip6/Coop-robot/rapport/dessinRigid.pdf): PDF inclusion: multiple pdfs with page group included in a single page
> </home/solal/Documents/Stage_lip6/Coop-robot/rapport/dessinOdd.pdf

pdfTeX warning: pdflatex (file /home/solal/Documents/Stage_lip6/Coop-robot/rapport/dessinOdd.pdf): PDF inclusion: multiple pdfs with page group included in a single page
> </home/solal/Documents/Stage_lip6/Coop-robot/rapport/dessinOdd.pdf

pdfTeX warning: pdflatex (file /home/solal/Documents/Stage_lip6/Coop-robot/rapport/dessinOdd.pdf): PDF inclusion: multiple pdfs with page group included in a single page
> </home/solal/Documents/Stage_lip6/Coop-robot/rapport/dessinOdd.pdf

pdfTeX warning: pdflatex (file /home/solal/Documents/Stage_lip6/Coop-robot/rapport/dessinOdd.pdf): PDF inclusion: multiple pdfs with page group included in a single page
> </home/solal/Documents/Stage_lip6/Coop-robot/rapport/dessinOdd.pdf

pdfTeX warning: pdflatex (file /home/solal/Documents/Stage_lip6/Coop-robot/rapport/dessinOdd.pdf): PDF inclusion: multiple pdfs with page group included in a single page
>] (/home/solal/Documents/Stage_lip6/Coop-robot/rapport/dessinEqui.pdf_tex
<dessinEqui.pdf, id=140, page=1, 522.01463pt x 480.52261pt>
File: dessinEqui.pdf Graphic file (type pdf)
<use dessinEqui.pdf, page 1>
Package pdftex.def Info: dessinEqui.pdf , page1 used on input line 56.
(pdftex.def)             Requested size: 417.61328pt x 384.42593pt.
<dessinEqui.pdf, id=141, page=2, 522.01463pt x 480.52261pt>
File: dessinEqui.pdf Graphic file (type pdf)
<use dessinEqui.pdf, page 2>
Package pdftex.def Info: dessinEqui.pdf , page2 used on input line 58.
(pdftex.def)             Requested size: 417.61328pt x 384.42593pt.
<dessinEqui.pdf, id=142, page=3, 522.01463pt x 480.52261pt>
File: dessinEqui.pdf Graphic file (type pdf)
<use dessinEqui.pdf, page 3>
Package pdftex.def Info: dessinEqui.pdf , page3 used on input line 60.
(pdftex.def)             Requested size: 417.61328pt x 384.42593pt.
<dessinEqui.pdf, id=143, page=4, 522.01463pt x 480.52261pt>
File: dessinEqui.pdf Graphic file (type pdf)
<use dessinEqui.pdf, page 4>
Package pdftex.def Info: dessinEqui.pdf , page4 used on input line 62.
(pdftex.def)             Requested size: 417.61328pt x 384.42593pt.
<dessinEqui.pdf, id=144, page=5, 522.01463pt x 480.52261pt>
File: dessinEqui.pdf Graphic file (type pdf)
<use dessinEqui.pdf, page 5>
Package pdftex.def Info: dessinEqui.pdf , page5 used on input line 64.
(pdftex.def)             Requested size: 417.61328pt x 384.42593pt.
<dessinEqui.pdf, id=145, page=6, 522.01463pt x 480.52261pt>
File: dessinEqui.pdf Graphic file (type pdf)
<use dessinEqui.pdf, page 6>
Package pdftex.def Info: dessinEqui.pdf , page6 used on input line 66.
(pdftex.def)             Requested size: 417.61328pt x 384.42593pt.
<dessinEqui.pdf, id=146, page=7, 522.01463pt x 480.52261pt>
File: dessinEqui.pdf Graphic file (type pdf)
<use dessinEqui.pdf, page 7>
Package pdftex.def Info: dessinEqui.pdf , page7 used on input line 68.
(pdftex.def)             Requested size: 417.61328pt x 384.42593pt.
<dessinEqui.pdf, id=147, page=8, 522.01463pt x 480.52261pt>
File: dessinEqui.pdf Graphic file (type pdf)
<use dessinEqui.pdf, page 8>
Package pdftex.def Info: dessinEqui.pdf , page8 used on input line 70.
(pdftex.def)             Requested size: 417.61328pt x 384.42593pt.
<dessinEqui.pdf, id=148, page=9, 522.01463pt x 480.52261pt>
File: dessinEqui.pdf Graphic file (type pdf)
<use dessinEqui.pdf, page 9>
Package pdftex.def Info: dessinEqui.pdf , page9 used on input line 72.
(pdftex.def)             Requested size: 417.61328pt x 384.42593pt.
<dessinEqui.pdf, id=149, page=10, 522.01463pt x 480.52261pt>
File: dessinEqui.pdf Graphic file (type pdf)
<use dessinEqui.pdf, page 10>
Package pdftex.def Info: dessinEqui.pdf , page10 used on input line 74.
(pdftex.def)             Requested size: 417.61328pt x 384.42593pt.
<dessinEqui.pdf, id=150, page=11, 522.01463pt x 480.52261pt>
File: dessinEqui.pdf Graphic file (type pdf)
<use dessinEqui.pdf, page 11>
Package pdftex.def Info: dessinEqui.pdf , page11 used on input line 76.
(pdftex.def)             Requested size: 417.61328pt x 384.42593pt.
<dessinEqui.pdf, id=151, page=12, 522.01463pt x 480.52261pt>
File: dessinEqui.pdf Graphic file (type pdf)
<use dessinEqui.pdf, page 12>
Package pdftex.def Info: dessinEqui.pdf , page12 used on input line 78.
(pdftex.def)             Requested size: 417.61328pt x 384.42593pt.
<dessinEqui.pdf, id=152, page=13, 522.01463pt x 480.52261pt>
File: dessinEqui.pdf Graphic file (type pdf)
<use dessinEqui.pdf, page 13>
Package pdftex.def Info: dessinEqui.pdf , page13 used on input line 80.
(pdftex.def)             Requested size: 417.61328pt x 384.42593pt.
<dessinEqui.pdf, id=153, page=14, 522.01463pt x 480.52261pt>
File: dessinEqui.pdf Graphic file (type pdf)
<use dessinEqui.pdf, page 14>
Package pdftex.def Info: dessinEqui.pdf , page14 used on input line 82.
(pdftex.def)             Requested size: 417.61328pt x 384.42593pt.
<dessinEqui.pdf, id=154, page=15, 522.01463pt x 480.52261pt>
File: dessinEqui.pdf Graphic file (type pdf)
<use dessinEqui.pdf, page 15>
Package pdftex.def Info: dessinEqui.pdf , page15 used on input line 84.
(pdftex.def)             Requested size: 417.61328pt x 384.42593pt.
<dessinEqui.pdf, id=155, page=16, 522.01463pt x 480.52261pt>
File: dessinEqui.pdf Graphic file (type pdf)
<use dessinEqui.pdf, page 16>
Package pdftex.def Info: dessinEqui.pdf , page16 used on input line 86.
(pdftex.def)             Requested size: 417.61328pt x 384.42593pt.
<dessinEqui.pdf, id=156, page=17, 522.01463pt x 480.52261pt>
File: dessinEqui.pdf Graphic file (type pdf)
<use dessinEqui.pdf, page 17>
Package pdftex.def Info: dessinEqui.pdf , page17 used on input line 88.
(pdftex.def)             Requested size: 417.61328pt x 384.42593pt.
<dessinEqui.pdf, id=157, page=18, 522.01463pt x 480.52261pt>
File: dessinEqui.pdf Graphic file (type pdf)
<use dessinEqui.pdf, page 18>
Package pdftex.def Info: dessinEqui.pdf , page18 used on input line 91.
(pdftex.def)             Requested size: 417.61328pt x 384.42593pt.
)
Overfull \hbox (2.48756pt too wide) in paragraph at lines 93--350
 [][] 
 []

[6] [7 </home/solal/Documents/Stage_lip6/Coop-robot/rapport/dessinEqui.pdf> </home/solal/Documents/Stage_lip6/Coop-robot/rapport/dessinEqui.pdf

pdfTeX warning: pdflatex (file /home/solal/Documents/Stage_lip6/Coop-robot/rapport/dessinEqui.pdf): PDF inclusion: multiple pdfs with page group included in a single page
> </home/solal/Documents/Stage_lip6/Coop-robot/rapport/dessinEqui.pdf

pdfTeX warning: pdflatex (file /home/solal/Documents/Stage_lip6/Coop-robot/rapport/dessinEqui.pdf): PDF inclusion: multiple pdfs with page group included in a single page
> </home/solal/Documents/Stage_lip6/Coop-robot/rapport/dessinEqui.pdf

pdfTeX warning: pdflatex (file /home/solal/Documents/Stage_lip6/Coop-robot/rapport/dessinEqui.pdf): PDF inclusion: multiple pdfs with page group included in a single page
> </home/solal/Documents/Stage_lip6/Coop-robot/rapport/dessinEqui.pdf

pdfTeX warning: pdflatex (file /home/solal/Documents/Stage_lip6/Coop-robot/rapport/dessinEqui.pdf): PDF inclusion: multiple pdfs with page group included in a single page
> </home/solal/Documents/Stage_lip6/Coop-robot/rapport/dessinEqui.pdf

pdfTeX warning: pdflatex (file /home/solal/Documents/Stage_lip6/Coop-robot/rapport/dessinEqui.pdf): PDF inclusion: multiple pdfs with page group included in a single page
> </home/solal/Documents/Stage_lip6/Coop-robot/rapport/dessinEqui.pdf

pdfTeX warning: pdflatex (file /home/solal/Documents/Stage_lip6/Coop-robot/rapport/dessinEqui.pdf): PDF inclusion: multiple pdfs with page group included in a single page
> </home/solal/Documents/Stage_lip6/Coop-robot/rapport/dessinEqui.pdf

pdfTeX warning: pdflatex (file /home/solal/Documents/Stage_lip6/Coop-robot/rapport/dessinEqui.pdf): PDF inclusion: multiple pdfs with page group included in a single page
> </home/solal/Documents/Stage_lip6/Coop-robot/rapport/dessinEqui.pdf

pdfTeX warning: pdflatex (file /home/solal/Documents/Stage_lip6/Coop-robot/rapport/dessinEqui.pdf): PDF inclusion: multiple pdfs with page group included in a single page
> </home/solal/Documents/Stage_lip6/Coop-robot/rapport/dessinEqui.pdf

pdfTeX warning: pdflatex (file /home/solal/Documents/Stage_lip6/Coop-robot/rapport/dessinEqui.pdf): PDF inclusion: multiple pdfs with page group included in a single page
> </home/solal/Documents/Stage_lip6/Coop-robot/rapport/dessinEqui.pdf

pdfTeX warning: pdflatex (file /home/solal/Documents/Stage_lip6/Coop-robot/rapport/dessinEqui.pdf): PDF inclusion: multiple pdfs with page group included in a single page
> </home/solal/Documents/Stage_lip6/Coop-robot/rapport/dessinEqui.pdf

pdfTeX warning: pdflatex (file /home/solal/Documents/Stage_lip6/Coop-robot/rapport/dessinEqui.pdf): PDF inclusion: multiple pdfs with page group included in a single page
> </home/solal/Documents/Stage_lip6/Coop-robot/rapport/dessinEqui.pdf

pdfTeX warning: pdflatex (file /home/solal/Documents/Stage_lip6/Coop-robot/rapport/dessinEqui.pdf): PDF inclusion: multiple pdfs with page group included in a single page
> </home/solal/Documents/Stage_lip6/Coop-robot/rapport/dessinEqui.pdf

pdfTeX warning: pdflatex (file /home/solal/Documents/Stage_lip6/Coop-robot/rapport/dessinEqui.pdf): PDF inclusion: multiple pdfs with page group included in a single page
> </home/solal/Documents/Stage_lip6/Coop-robot/rapport/dessinEqui.pdf

pdfTeX warning: pdflatex (file /home/solal/Documents/Stage_lip6/Coop-robot/rapport/dessinEqui.pdf): PDF inclusion: multiple pdfs with page group included in a single page
> </home/solal/Documents/Stage_lip6/Coop-robot/rapport/dessinEqui.pdf

pdfTeX warning: pdflatex (file /home/solal/Documents/Stage_lip6/Coop-robot/rapport/dessinEqui.pdf): PDF inclusion: multiple pdfs with page group included in a single page
> </home/solal/Documents/Stage_lip6/Coop-robot/rapport/dessinEqui.pdf

pdfTeX warning: pdflatex (file /home/solal/Documents/Stage_lip6/Coop-robot/rapport/dessinEqui.pdf): PDF inclusion: multiple pdfs with page group included in a single page
> </home/solal/Documents/Stage_lip6/Coop-robot/rapport/dessinEqui.pdf

pdfTeX warning: pdflatex (file /home/solal/Documents/Stage_lip6/Coop-robot/rapport/dessinEqui.pdf): PDF inclusion: multiple pdfs with page group included in a single page
>] [8] [9] [10]

Package hyperref Warning: Token not allowed in a PDF string (PDFDocEncoding):
(hyperref)                removing `math shift' on input line 448.


Package hyperref Warning: Token not allowed in a PDF string (PDFDocEncoding):
(hyperref)                removing `\phi' on input line 448.


Package hyperref Warning: Token not allowed in a PDF string (PDFDocEncoding):
(hyperref)                removing `subscript' on input line 448.


Package hyperref Warning: Token not allowed in a PDF string (PDFDocEncoding):
(hyperref)                removing `math shift' on input line 448.

<../data/data-phiSimple24/compar_phiSimple24_2.png, id=232, 462.528pt x 346.896pt>
File: ../data/data-phiSimple24/compar_phiSimple24_2.png Graphic file (type png)
<use ../data/data-phiSimple24/compar_phiSimple24_2.png>
Package pdftex.def Info: ../data/data-phiSimple24/compar_phiSimple24_2.png  used on input line 454.
(pdftex.def)             Requested size: 207.56285pt x 155.673pt.
<../data/data-phiSimple24/compar_phiSimple24_3.png, id=234, 462.528pt x 346.896pt>
File: ../data/data-phiSimple24/compar_phiSimple24_3.png Graphic file (type png)
<use ../data/data-phiSimple24/compar_phiSimple24_3.png>
Package pdftex.def Info: ../data/data-phiSimple24/compar_phiSimple24_3.png  used on input line 455.
(pdftex.def)             Requested size: 207.56285pt x 155.673pt.
<../data/data-phiSimple24/compar_phiSimple24_4.png, id=235, 462.528pt x 346.896pt>
File: ../data/data-phiSimple24/compar_phiSimple24_4.png Graphic file (type png)
<use ../data/data-phiSimple24/compar_phiSimple24_4.png>
Package pdftex.def Info: ../data/data-phiSimple24/compar_phiSimple24_4.png  used on input line 461.
(pdftex.def)             Requested size: 207.56285pt x 155.673pt.
<../data/data-phiSimple24/compar_phiSimple24_5.png, id=236, 462.528pt x 346.896pt>
File: ../data/data-phiSimple24/compar_phiSimple24_5.png Graphic file (type png)
<use ../data/data-phiSimple24/compar_phiSimple24_5.png>
Package pdftex.def Info: ../data/data-phiSimple24/compar_phiSimple24_5.png  used on input line 462.
(pdftex.def)             Requested size: 207.56285pt x 155.673pt.

Package hyperref Warning: Token not allowed in a PDF string (PDFDocEncoding):
(hyperref)                removing `math shift' on input line 466.


Package hyperref Warning: Token not allowed in a PDF string (PDFDocEncoding):
(hyperref)                removing `\phi' on input line 466.


Package hyperref Warning: Token not allowed in a PDF string (PDFDocEncoding):
(hyperref)                removing `subscript' on input line 466.


Package hyperref Warning: Token not allowed in a PDF string (PDFDocEncoding):
(hyperref)                removing `math shift' on input line 466.

<../data/data-phiSM24/compar_phiSM24_2.png, id=237, 462.528pt x 346.896pt>
File: ../data/data-phiSM24/compar_phiSM24_2.png Graphic file (type png)
<use ../data/data-phiSM24/compar_phiSM24_2.png>
Package pdftex.def Info: ../data/data-phiSM24/compar_phiSM24_2.png  used on input line 472.
(pdftex.def)             Requested size: 207.56285pt x 155.673pt.
<../data/data-phiSM24/compar_phiSM24_3.png, id=238, 462.528pt x 346.896pt>
File: ../data/data-phiSM24/compar_phiSM24_3.png Graphic file (type png)
<use ../data/data-phiSM24/compar_phiSM24_3.png>
Package pdftex.def Info: ../data/data-phiSM24/compar_phiSM24_3.png  used on input line 473.
(pdftex.def)             Requested size: 207.56285pt x 155.673pt.
<../data/data-phiSM24/compar_phiSM24_4.png, id=239, 462.528pt x 346.896pt>
File: ../data/data-phiSM24/compar_phiSM24_4.png Graphic file (type png)
<use ../data/data-phiSM24/compar_phiSM24_4.png>
Package pdftex.def Info: ../data/data-phiSM24/compar_phiSM24_4.png  used on input line 479.
(pdftex.def)             Requested size: 207.56285pt x 155.673pt.
<../data/data-phiSM24/compar_phiSM24_5.png, id=240, 462.528pt x 346.896pt>
File: ../data/data-phiSM24/compar_phiSM24_5.png Graphic file (type png)
<use ../data/data-phiSM24/compar_phiSM24_5.png>
Package pdftex.def Info: ../data/data-phiSM24/compar_phiSM24_5.png  used on input line 480.
(pdftex.def)             Requested size: 207.56285pt x 155.673pt.

Package hyperref Warning: Token not allowed in a PDF string (PDFDocEncoding):
(hyperref)                removing `math shift' on input line 484.


Package hyperref Warning: Token not allowed in a PDF string (PDFDocEncoding):
(hyperref)                removing `\phi' on input line 484.


Package hyperref Warning: Token not allowed in a PDF string (PDFDocEncoding):
(hyperref)                removing `subscript' on input line 484.


Package hyperref Warning: Token not allowed in a PDF string (PDFDocEncoding):
(hyperref)                removing `math shift' on input line 484.

<../data/data-phiR24/compar_phiR24_2.png, id=241, 462.528pt x 346.896pt>
File: ../data/data-phiR24/compar_phiR24_2.png Graphic file (type png)
<use ../data/data-phiR24/compar_phiR24_2.png>
Package pdftex.def Info: ../data/data-phiR24/compar_phiR24_2.png  used on input line 490.
(pdftex.def)             Requested size: 207.56285pt x 155.673pt.
<../data/data-phiR24/compar_phiR24_3.png, id=242, 462.528pt x 346.896pt>
File: ../data/data-phiR24/compar_phiR24_3.png Graphic file (type png)
<use ../data/data-phiR24/compar_phiR24_3.png>
Package pdftex.def Info: ../data/data-phiR24/compar_phiR24_3.png  used on input line 491.
(pdftex.def)             Requested size: 207.56285pt x 155.673pt.
[11 <../data/data-phiSimple24/compar_phiSimple24_2.png> <../data/data-phiSimple24/compar_phiSimple24_3.png> <../data/data-phiSimple24/compar_phiSimple24_4.png> <../data/data-phiSimple24/compar_phiSimple24_5.png>]
<../data/data-phiR24/compar_phiR24_4.png, id=260, 462.528pt x 346.896pt>
File: ../data/data-phiR24/compar_phiR24_4.png Graphic file (type png)
<use ../data/data-phiR24/compar_phiR24_4.png>
Package pdftex.def Info: ../data/data-phiR24/compar_phiR24_4.png  used on input line 497.
(pdftex.def)             Requested size: 249.07796pt x 186.8129pt.


LaTeX Warning: `!h' float specifier changed to `!ht'.

[12 <../data/data-phiSM24/compar_phiSM24_2.png> <../data/data-phiSM24/compar_phiSM24_3.png> <../data/data-phiSM24/compar_phiSM24_4.png> <../data/data-phiSM24/compar_phiSM24_5.png> <../data/data-phiR24/compar_phiR24_2.png> <../data/data-phiR24/compar_phiR24_3.png>] [13 <../data/data-phiR24/compar_phiR24_4.png>]
Package atveryend Info: Empty hook `BeforeClearDocument' on input line 503.
Package atveryend Info: Empty hook `AfterLastShipout' on input line 503.
 (/home/solal/Documents/Stage_lip6/Coop-robot/rapport/RapportStage.aux)
Package atveryend Info: Executing hook `AtVeryEndDocument' on input line 503.
Package atveryend Info: Executing hook `AtEndAfterFileList' on input line 503.
Package rerunfilecheck Info: File `RapportStage.out' has not changed.
(rerunfilecheck)             Checksum: 371AABBE9FAC787BD77E4247BEC862AF;875.
Package logreq Info: Writing requests to 'RapportStage.run.xml'.
\openout1 = `RapportStage.run.xml'.

 ) 
Here is how much of TeX's memory you used:
 27822 strings out of 481239
 517950 string characters out of 5920378
 1161661 words of memory out of 5000000
 42531 multiletter control sequences out of 15000+600000
 541360 words of font info for 59 fonts, out of 8000000 for 9000
 1141 hyphenation exceptions out of 8191
 60i,27n,60p,907b,1129s stack positions out of 5000i,500n,10000p,200000b,80000s
{/usr/share/texmf/fonts/enc/dvips/cm-super/cm-super-ts1.enc}</usr/share/texlive/texmf-dist/fonts/type1/public/amsfonts/cm/cmbx10.pfb></usr/share/texlive/texmf-dist/fonts/type1/public/amsfonts/cm/cmbx12.pfb></usr/share/texlive/texmf-dist/fonts/type1/public/amsfonts/cm/cmbx7.pfb></usr/share/texlive/texmf-dist/fonts/type1/public/amsfonts/cm/cmex10.pfb></usr/share/texlive/texmf-dist/fonts/type1/public/amsfonts/cm/cmmi10.pfb></usr/share/texlive/texmf-dist/fonts/type1/public/amsfonts/cm/cmmi12.pfb></usr/share/texlive/texmf-dist/fonts/type1/public/amsfonts/cm/cmmi5.pfb></usr/share/texlive/texmf-dist/fonts/type1/public/amsfonts/cm/cmmi7.pfb></usr/share/texlive/texmf-dist/fonts/type1/public/amsfonts/cm/cmmi8.pfb></usr/share/texlive/texmf-dist/fonts/type1/public/amsfonts/cm/cmr10.pfb></usr/share/texlive/texmf-dist/fonts/type1/public/amsfonts/cm/cmr12.pfb></usr/share/texlive/texmf-dist/fonts/type1/public/amsfonts/cm/cmr17.pfb></usr/share/texlive/texmf-dist/fonts/type1/public/amsfonts/cm/cmr5.pfb></usr/share/texlive/texmf-dist/fonts/type1/public/amsfonts/cm/cmr7.pfb></usr/share/texlive/texmf-dist/fonts/type1/public/amsfonts/cm/cmr8.pfb></usr/share/texlive/texmf-dist/fonts/type1/public/amsfonts/cm/cmsy10.pfb></usr/share/texlive/texmf-dist/fonts/type1/public/amsfonts/cm/cmsy5.pfb></usr/share/texlive/texmf-dist/fonts/type1/public/amsfonts/cm/cmsy7.pfb></usr/share/texlive/texmf-dist/fonts/type1/public/amsfonts/cm/cmti10.pfb></usr/share/texlive/texmf-dist/fonts/type1/public/amsfonts/cm/cmtt10.pfb></usr/share/texmf/fonts/type1/public/cm-super/sfrm1000.pfb>
Output written on /home/solal/Documents/Stage_lip6/Coop-robot/rapport/RapportStage.pdf (13 pages, 594146 bytes).
PDF statistics:
 378 PDF objects out of 1000 (max. 8388607)
 287 compressed objects within 3 object streams
 93 named destinations out of 1000 (max. 500000)
 330 words of extra memory for PDF output out of 10000 (max. 10000000)

